c:\users\administrator\desktop\star_rat_3.1-master\server\remoteaudio\template\vc142.pdb
c:\users\administrator\desktop\star_rat_3.1-master\server\remoteaudio\template\remoteaudio.obj
c:\users\administrator\desktop\star_rat_3.1-master\server\remoteaudio\template\audiomanager.obj
c:\users\administrator\desktop\star_rat_3.1-master\server\remoteaudio\template\until.obj
c:\users\administrator\desktop\star_rat_3.1-master\server\remoteaudio\template\manager.obj
c:\users\administrator\desktop\star_rat_3.1-master\server\remoteaudio\template\clientsocket.obj
c:\users\administrator\desktop\star_rat_3.1-master\server\remoteaudio\template\buffer.obj
c:\users\administrator\desktop\star_rat_3.1-master\server\remoteaudio\template\audio.obj
c:\users\administrator\desktop\star_rat_3.1-master\template\remoteaudio.ilk
c:\users\administrator\desktop\star_rat_3.1-master\template\remoteaudio.dll
c:\users\administrator\desktop\star_rat_3.1-master\template\remoteaudio.pdb
c:\users\administrator\desktop\star_rat_3.1-master\template\remoteaudio.lib
c:\users\administrator\desktop\star_rat_3.1-master\template\remoteaudio.exp
c:\users\administrator\desktop\star_rat_3.1-master\server\remoteaudio\template\remoteaudio.tlog\cl.command.1.tlog
c:\users\administrator\desktop\star_rat_3.1-master\server\remoteaudio\template\remoteaudio.tlog\cl.read.1.tlog
c:\users\administrator\desktop\star_rat_3.1-master\server\remoteaudio\template\remoteaudio.tlog\cl.write.1.tlog
c:\users\administrator\desktop\star_rat_3.1-master\server\remoteaudio\template\remoteaudio.tlog\link.command.1.tlog
c:\users\administrator\desktop\star_rat_3.1-master\server\remoteaudio\template\remoteaudio.tlog\link.read.1.tlog
c:\users\administrator\desktop\star_rat_3.1-master\server\remoteaudio\template\remoteaudio.tlog\link.write.1.tlog
c:\users\administrator\desktop\star_rat_3.1-master\server\remoteaudio\template\remoteaudio.tlog\remoteaudio.write.1u.tlog
