c:\users\administrator\desktop\star_rat_3.1-master\server\videocap\template\vc142.pdb
c:\users\administrator\desktop\star_rat_3.1-master\server\videocap\template\xvidenc.obj
c:\users\administrator\desktop\star_rat_3.1-master\server\videocap\template\videomanager.obj
c:\users\administrator\desktop\star_rat_3.1-master\server\videocap\template\video.obj
c:\users\administrator\desktop\star_rat_3.1-master\server\videocap\template\capturevideo.obj
c:\users\administrator\desktop\star_rat_3.1-master\server\videocap\template\until.obj
c:\users\administrator\desktop\star_rat_3.1-master\server\videocap\template\manager.obj
c:\users\administrator\desktop\star_rat_3.1-master\server\videocap\template\clientsocket.obj
c:\users\administrator\desktop\star_rat_3.1-master\server\videocap\template\buffer.obj
c:\users\administrator\desktop\star_rat_3.1-master\template\video.ilk
c:\users\administrator\desktop\star_rat_3.1-master\template\video.dll
c:\users\administrator\desktop\star_rat_3.1-master\template\video.pdb
c:\users\administrator\desktop\star_rat_3.1-master\template\video.lib
c:\users\administrator\desktop\star_rat_3.1-master\template\video.exp
c:\users\administrator\desktop\star_rat_3.1-master\server\videocap\template\video.tlog\cl.command.1.tlog
c:\users\administrator\desktop\star_rat_3.1-master\server\videocap\template\video.tlog\cl.read.1.tlog
c:\users\administrator\desktop\star_rat_3.1-master\server\videocap\template\video.tlog\cl.write.1.tlog
c:\users\administrator\desktop\star_rat_3.1-master\server\videocap\template\video.tlog\link.command.1.tlog
c:\users\administrator\desktop\star_rat_3.1-master\server\videocap\template\video.tlog\link.read.1.tlog
c:\users\administrator\desktop\star_rat_3.1-master\server\videocap\template\video.tlog\link.write.1.tlog
c:\users\administrator\desktop\star_rat_3.1-master\server\videocap\template\video.tlog\video.write.1u.tlog
