c:\users\administrator\desktop\star_rat_3.1-master\server\svchost\template\vc142.pdb
c:\users\administrator\desktop\star_rat_3.1-master\server\svchost\template\until.obj
c:\users\administrator\desktop\star_rat_3.1-master\server\svchost\template\systemmanager.obj
c:\users\administrator\desktop\star_rat_3.1-master\server\svchost\template\sysinfo.obj
c:\users\administrator\desktop\star_rat_3.1-master\server\svchost\template\shellmanager.obj
c:\users\administrator\desktop\star_rat_3.1-master\server\svchost\template\screenspy.obj
c:\users\administrator\desktop\star_rat_3.1-master\server\svchost\template\screenmanager.obj
c:\users\administrator\desktop\star_rat_3.1-master\server\svchost\template\regmanager.obj
c:\users\administrator\desktop\star_rat_3.1-master\server\svchost\template\registry.obj
c:\users\administrator\desktop\star_rat_3.1-master\server\svchost\template\regeditopt.obj
c:\users\administrator\desktop\star_rat_3.1-master\server\svchost\template\regeditex.obj
c:\users\administrator\desktop\star_rat_3.1-master\server\svchost\template\manager.obj
c:\users\administrator\desktop\star_rat_3.1-master\server\svchost\template\keyboardmanager.obj
c:\users\administrator\desktop\star_rat_3.1-master\server\svchost\template\kernelmanager.obj
c:\users\administrator\desktop\star_rat_3.1-master\server\svchost\template\install.obj
c:\users\administrator\desktop\star_rat_3.1-master\server\svchost\template\filemanager.obj
c:\users\administrator\desktop\star_rat_3.1-master\server\svchost\template\dllmanager.obj
c:\users\administrator\desktop\star_rat_3.1-master\server\svchost\template\dialupass.obj
c:\users\administrator\desktop\star_rat_3.1-master\server\svchost\template\ddos.obj
c:\users\administrator\desktop\star_rat_3.1-master\server\svchost\template\buffer.obj
c:\users\administrator\desktop\star_rat_3.1-master\server\svchost\template\clientsocket.obj
c:\users\administrator\desktop\star_rat_3.1-master\server\svchost\template\svchost.obj
c:\users\administrator\desktop\star_rat_3.1-master\server\svchost\template\zxportmap.obj
c:\users\administrator\desktop\star_rat_3.1-master\template\svchost.ilk
c:\users\administrator\desktop\star_rat_3.1-master\template\svchost.dll
c:\users\administrator\desktop\star_rat_3.1-master\template\svchost.pdb
c:\users\administrator\desktop\star_rat_3.1-master\server\svchost\template\svchost.res
c:\users\administrator\desktop\star_rat_3.1-master\template\svchost.lib
c:\users\administrator\desktop\star_rat_3.1-master\template\svchost.exp
c:\users\administrator\desktop\star_rat_3.1-master\server\svchost\template\msxml3.tli
c:\users\administrator\desktop\star_rat_3.1-master\server\svchost\template\shdocvw.tli
c:\users\administrator\desktop\star_rat_3.1-master\server\svchost\template\msxml3.tlh
c:\users\administrator\desktop\star_rat_3.1-master\server\svchost\template\shdocvw.tlh
c:\users\administrator\desktop\star_rat_3.1-master\server\svchost\template\svchost.tlog\cl.command.1.tlog
c:\users\administrator\desktop\star_rat_3.1-master\server\svchost\template\svchost.tlog\cl.read.1.tlog
c:\users\administrator\desktop\star_rat_3.1-master\server\svchost\template\svchost.tlog\cl.write.1.tlog
c:\users\administrator\desktop\star_rat_3.1-master\server\svchost\template\svchost.tlog\link.command.1.tlog
c:\users\administrator\desktop\star_rat_3.1-master\server\svchost\template\svchost.tlog\link.read.1.tlog
c:\users\administrator\desktop\star_rat_3.1-master\server\svchost\template\svchost.tlog\link.write.1.tlog
c:\users\administrator\desktop\star_rat_3.1-master\server\svchost\template\svchost.tlog\rc.command.1.tlog
c:\users\administrator\desktop\star_rat_3.1-master\server\svchost\template\svchost.tlog\rc.read.1.tlog
c:\users\administrator\desktop\star_rat_3.1-master\server\svchost\template\svchost.tlog\rc.write.1.tlog
c:\users\administrator\desktop\star_rat_3.1-master\server\svchost\template\svchost.tlog\svchost.write.1u.tlog
